2023-08-26T18:58:10.252Z info: User logged in:
2023-08-26T18:58:10.253Z info: User logged in:
2023-08-26T19:00:21.345Z info: User logged in:
2023-08-26T19:00:21.346Z info: User logged in: egipegi
2023-08-26T19:07:31.290Z info: User logged in:egipegi
2023-08-26T19:07:31.290Z info: User logged in:egipegi
2023-08-26T19:07:42.406Z info: Token refreshed for:egipegi
2023-08-27T04:28:18.878Z info: User logged in:egipegi
2023-08-27T04:28:18.878Z info: User logged in:egipegi
2023-08-27T05:30:23.350Z info: Token refreshed for:egipegi
2023-08-27T06:10:12.709Z info: User logged in:egipegi
2023-08-27T06:10:12.710Z info: User logged in:egipegi
2023-08-27T06:13:07.021Z info: User logged in:egipegi
2023-08-27T06:13:07.021Z info: User logged in:egipegi
2023-08-27T06:16:16.420Z info: User logged in:egipegi
2023-08-27T06:16:16.420Z info: User logged in:egipegi
2023-08-27T06:20:01.693Z info: User logged in:egipegi
2023-08-27T06:20:01.693Z info: User logged in:egipegi
2023-08-27T06:20:56.809Z info: User logged in:egipegi
2023-08-27T06:20:56.809Z info: User logged in:egipegi
2023-08-27T06:21:15.565Z info: User logged in:egipegi
2023-08-27T06:21:15.566Z info: User logged in:egipegi
2023-08-27T06:23:21.441Z info: User logged in:egipegi
2023-08-27T06:23:21.442Z info: User logged in:egipegi
2023-08-28T12:08:50.945Z info: User logged in:egipegi
2023-08-28T12:08:50.945Z info: User logged in:egipegi
2023-08-28T14:39:11.418Z info: User logged in:egipegi
2023-08-28T14:39:11.418Z info: User logged in:egipegi
2023-08-28T15:40:34.286Z info: User logged in:egipegi
2023-08-28T15:40:34.286Z info: User logged in:egipegi
2023-08-28T16:11:39.097Z error: Registration error:User validation failed: role: Path `role` is required.
2023-08-28T16:12:39.656Z info: User registered:egipegi
2023-08-28T16:12:39.656Z info: User registered:egipegi
2023-08-28T16:13:06.092Z info: User logged in:egipegi
2023-08-28T16:13:06.093Z info: User logged in:egipegi
